<?xml version="1.0" encoding="UTF-8"?>
<testng-results ignored="0" total="8" passed="8" failed="0" skipped="0">
  <reporter-output>
    <line>
      <![CDATA[Login Success::dashboard      http://orangehrm.qedgetech.com/symfony/web/index.php/dashboard]]>
    </line>
    <line>
      <![CDATA[Login Fail::dashboard      http://orangehrm.qedgetech.com/symfony/web/index.php/auth/validateCredentials]]>
    </line>
    <line>
      <![CDATA[Login Success::dashboard      http://orangehrm.qedgetech.com/symfony/web/index.php/dashboard]]>
    </line>
    <line>
      <![CDATA[Login Fail::dashboard      http://orangehrm.qedgetech.com/symfony/web/index.php/auth/validateCredentials]]>
    </line>
    <line>
      <![CDATA[Login Success::dashboard      http://orangehrm.qedgetech.com/symfony/web/index.php/dashboard]]>
    </line>
    <line>
      <![CDATA[Login Fail::dashboard      http://orangehrm.qedgetech.com/symfony/web/index.php/auth/validateCredentials]]>
    </line>
    <line>
      <![CDATA[Login Success::dashboard      http://orangehrm.qedgetech.com/symfony/web/index.php/dashboard]]>
    </line>
    <line>
      <![CDATA[Login Fail::dashboard      http://orangehrm.qedgetech.com/symfony/web/index.php/auth/validateCredentials]]>
    </line>
  </reporter-output>
  <suite started-at="2023-04-21T12:40:37 IST" name="CrossBrowsertesting" finished-at="2023-04-21T12:41:19 IST" duration-ms="41143">
    <groups>
    </groups>
    <test started-at="2023-04-21T12:40:37 IST" name="ChromeBrowser" finished-at="2023-04-21T12:40:58 IST" duration-ms="20845">
      <class name="apr21.BrowserTesting">
        <test-method is-config="true" signature="setUp(java.lang.String)[pri:0, instance:apr21.BrowserTesting@2d901eb0]" started-at="2023-04-21T12:40:37 IST" name="setUp" finished-at="2023-04-21T12:40:40 IST" duration-ms="2590" status="PASS">
          <params>
            <param index="0">
              <value>
                <![CDATA[chrome]]>
              </value>
            </param>
          </params>
          <reporter-output>
          </reporter-output>
        </test-method> <!-- setUp -->
        <test-method signature="verify_Login(java.lang.String,java.lang.String)[pri:0, instance:apr21.BrowserTesting@2d901eb0]" started-at="2023-04-21T12:40:40 IST" name="verify_Login" data-provider="dp" finished-at="2023-04-21T12:40:49 IST" duration-ms="8930" status="PASS">
          <params>
            <param index="0">
              <value>
                <![CDATA[Admin]]>
              </value>
            </param>
            <param index="1">
              <value>
                <![CDATA[Qedge123!@#]]>
              </value>
            </param>
          </params>
          <reporter-output>
            <line>
              <![CDATA[Login Success::dashboard      http://orangehrm.qedgetech.com/symfony/web/index.php/dashboard]]>
            </line>
          </reporter-output>
        </test-method> <!-- verify_Login -->
        <test-method signature="verify_Login(java.lang.String,java.lang.String)[pri:0, instance:apr21.BrowserTesting@2d901eb0]" started-at="2023-04-21T12:40:49 IST" name="verify_Login" data-provider="dp" finished-at="2023-04-21T12:40:52 IST" duration-ms="2905" status="PASS">
          <params>
            <param index="0">
              <value>
                <![CDATA[Admin4]]>
              </value>
            </param>
            <param index="1">
              <value>
                <![CDATA[Qedge123!@#]]>
              </value>
            </param>
          </params>
          <reporter-output>
            <line>
              <![CDATA[Login Fail::dashboard      http://orangehrm.qedgetech.com/symfony/web/index.php/auth/validateCredentials]]>
            </line>
          </reporter-output>
        </test-method> <!-- verify_Login -->
        <test-method signature="verify_Login(java.lang.String,java.lang.String)[pri:0, instance:apr21.BrowserTesting@2d901eb0]" started-at="2023-04-21T12:40:52 IST" name="verify_Login" data-provider="dp" finished-at="2023-04-21T12:40:55 IST" duration-ms="3068" status="PASS">
          <params>
            <param index="0">
              <value>
                <![CDATA[Admin]]>
              </value>
            </param>
            <param index="1">
              <value>
                <![CDATA[Qedge123!@#]]>
              </value>
            </param>
          </params>
          <reporter-output>
            <line>
              <![CDATA[Login Success::dashboard      http://orangehrm.qedgetech.com/symfony/web/index.php/dashboard]]>
            </line>
          </reporter-output>
        </test-method> <!-- verify_Login -->
        <test-method signature="verify_Login(java.lang.String,java.lang.String)[pri:0, instance:apr21.BrowserTesting@2d901eb0]" started-at="2023-04-21T12:40:55 IST" name="verify_Login" data-provider="dp" finished-at="2023-04-21T12:40:57 IST" duration-ms="2432" status="PASS">
          <params>
            <param index="0">
              <value>
                <![CDATA[Admin7]]>
              </value>
            </param>
            <param index="1">
              <value>
                <![CDATA[Qedge123!@#]]>
              </value>
            </param>
          </params>
          <reporter-output>
            <line>
              <![CDATA[Login Fail::dashboard      http://orangehrm.qedgetech.com/symfony/web/index.php/auth/validateCredentials]]>
            </line>
          </reporter-output>
        </test-method> <!-- verify_Login -->
        <test-method is-config="true" signature="tearDown()[pri:0, instance:apr21.BrowserTesting@2d901eb0]" started-at="2023-04-21T12:40:57 IST" name="tearDown" finished-at="2023-04-21T12:40:58 IST" duration-ms="817" status="PASS">
          <reporter-output>
          </reporter-output>
        </test-method> <!-- tearDown -->
      </class> <!-- apr21.BrowserTesting -->
    </test> <!-- ChromeBrowser -->
    <test started-at="2023-04-21T12:40:58 IST" name="FirefoxBrowser" finished-at="2023-04-21T12:41:19 IST" duration-ms="20213">
      <class name="apr21.BrowserTesting">
        <test-method is-config="true" signature="setUp(java.lang.String)[pri:0, instance:apr21.BrowserTesting@792b749c]" started-at="2023-04-21T12:40:58 IST" name="setUp" finished-at="2023-04-21T12:41:04 IST" duration-ms="5699" status="PASS">
          <params>
            <param index="0">
              <value>
                <![CDATA[firefox]]>
              </value>
            </param>
          </params>
          <reporter-output>
          </reporter-output>
        </test-method> <!-- setUp -->
        <test-method signature="verify_Login(java.lang.String,java.lang.String)[pri:0, instance:apr21.BrowserTesting@792b749c]" started-at="2023-04-21T12:41:04 IST" name="verify_Login" data-provider="dp" finished-at="2023-04-21T12:41:10 IST" duration-ms="6364" status="PASS">
          <params>
            <param index="0">
              <value>
                <![CDATA[Admin]]>
              </value>
            </param>
            <param index="1">
              <value>
                <![CDATA[Qedge123!@#]]>
              </value>
            </param>
          </params>
          <reporter-output>
            <line>
              <![CDATA[Login Success::dashboard      http://orangehrm.qedgetech.com/symfony/web/index.php/dashboard]]>
            </line>
          </reporter-output>
        </test-method> <!-- verify_Login -->
        <test-method signature="verify_Login(java.lang.String,java.lang.String)[pri:0, instance:apr21.BrowserTesting@792b749c]" started-at="2023-04-21T12:41:10 IST" name="verify_Login" data-provider="dp" finished-at="2023-04-21T12:41:13 IST" duration-ms="2204" status="PASS">
          <params>
            <param index="0">
              <value>
                <![CDATA[Admin4]]>
              </value>
            </param>
            <param index="1">
              <value>
                <![CDATA[Qedge123!@#]]>
              </value>
            </param>
          </params>
          <reporter-output>
            <line>
              <![CDATA[Login Fail::dashboard      http://orangehrm.qedgetech.com/symfony/web/index.php/auth/validateCredentials]]>
            </line>
          </reporter-output>
        </test-method> <!-- verify_Login -->
        <test-method signature="verify_Login(java.lang.String,java.lang.String)[pri:0, instance:apr21.BrowserTesting@792b749c]" started-at="2023-04-21T12:41:13 IST" name="verify_Login" data-provider="dp" finished-at="2023-04-21T12:41:15 IST" duration-ms="2450" status="PASS">
          <params>
            <param index="0">
              <value>
                <![CDATA[Admin]]>
              </value>
            </param>
            <param index="1">
              <value>
                <![CDATA[Qedge123!@#]]>
              </value>
            </param>
          </params>
          <reporter-output>
            <line>
              <![CDATA[Login Success::dashboard      http://orangehrm.qedgetech.com/symfony/web/index.php/dashboard]]>
            </line>
          </reporter-output>
        </test-method> <!-- verify_Login -->
        <test-method signature="verify_Login(java.lang.String,java.lang.String)[pri:0, instance:apr21.BrowserTesting@792b749c]" started-at="2023-04-21T12:41:15 IST" name="verify_Login" data-provider="dp" finished-at="2023-04-21T12:41:17 IST" duration-ms="1760" status="PASS">
          <params>
            <param index="0">
              <value>
                <![CDATA[Admin7]]>
              </value>
            </param>
            <param index="1">
              <value>
                <![CDATA[Qedge123!@#]]>
              </value>
            </param>
          </params>
          <reporter-output>
            <line>
              <![CDATA[Login Fail::dashboard      http://orangehrm.qedgetech.com/symfony/web/index.php/auth/validateCredentials]]>
            </line>
          </reporter-output>
        </test-method> <!-- verify_Login -->
        <test-method is-config="true" signature="tearDown()[pri:0, instance:apr21.BrowserTesting@792b749c]" started-at="2023-04-21T12:41:17 IST" name="tearDown" finished-at="2023-04-21T12:41:19 IST" duration-ms="1725" status="PASS">
          <reporter-output>
          </reporter-output>
        </test-method> <!-- tearDown -->
      </class> <!-- apr21.BrowserTesting -->
    </test> <!-- FirefoxBrowser -->
  </suite> <!-- CrossBrowsertesting -->
</testng-results>
