<?xml version="1.0" encoding="UTF-8"?>
<testng-results ignored="0" total="2" passed="2" failed="0" skipped="0">
  <reporter-output>
    <line>
      <![CDATA[No of rows are::10]]>
    </line>
    <line>
      <![CDATA[Login Success::dashboard     http://orangehrm.qedgetech.com/symfony/web/index.php/dashboard]]>
    </line>
    <line>
      <![CDATA[Invalid credentials  dashboard     http://orangehrm.qedgetech.com/symfony/web/index.php/auth/validateCredentials]]>
    </line>
    <line>
      <![CDATA[Login Success::dashboard     http://orangehrm.qedgetech.com/symfony/web/index.php/dashboard]]>
    </line>
    <line>
      <![CDATA[Username cannot be empty  dashboard     http://orangehrm.qedgetech.com/symfony/web/index.php/auth/login]]>
    </line>
    <line>
      <![CDATA[Login Success::dashboard     http://orangehrm.qedgetech.com/symfony/web/index.php/dashboard]]>
    </line>
    <line>
      <![CDATA[Invalid credentials  dashboard     http://orangehrm.qedgetech.com/symfony/web/index.php/auth/validateCredentials]]>
    </line>
    <line>
      <![CDATA[Username cannot be empty  dashboard     http://orangehrm.qedgetech.com/symfony/web/index.php/auth/login]]>
    </line>
    <line>
      <![CDATA[Login Success::dashboard     http://orangehrm.qedgetech.com/symfony/web/index.php/dashboard]]>
    </line>
    <line>
      <![CDATA[Password cannot be empty  dashboard     http://orangehrm.qedgetech.com/symfony/web/index.php/auth/login]]>
    </line>
    <line>
      <![CDATA[Login Success::dashboard     http://orangehrm.qedgetech.com/symfony/web/index.php/dashboard]]>
    </line>
    <line>
      <![CDATA[No of rows are::9]]>
    </line>
    <line>
      <![CDATA[Add Employee Success::19580     19580]]>
    </line>
    <line>
      <![CDATA[Add Employee Success::19581     19581]]>
    </line>
    <line>
      <![CDATA[Add Employee Success::19582     19582]]>
    </line>
    <line>
      <![CDATA[Add Employee Success::19583     19583]]>
    </line>
    <line>
      <![CDATA[Add Employee Success::19584     19584]]>
    </line>
    <line>
      <![CDATA[Add Employee Success::19585     19585]]>
    </line>
    <line>
      <![CDATA[Add Employee Success::19586     19586]]>
    </line>
    <line>
      <![CDATA[Add Employee Success::19587     19587]]>
    </line>
    <line>
      <![CDATA[Add Employee Success::19588     19588]]>
    </line>
  </reporter-output>
  <suite started-at="2023-04-15T12:24:54 IST" name="Suite" finished-at="2023-04-15T12:26:39 IST" duration-ms="105380">
    <groups>
    </groups>
    <test started-at="2023-04-15T12:24:54 IST" name="DriverScriptResults" finished-at="2023-04-15T12:25:36 IST" duration-ms="42057">
      <class name="driverFactory.DriverScript">
        <test-method is-config="true" signature="setUp()[pri:0, instance:driverFactory.DriverScript@5149d738]" started-at="2023-04-15T12:24:54 IST" name="setUp" finished-at="2023-04-15T12:24:56 IST" duration-ms="2817" status="PASS">
          <reporter-output>
          </reporter-output>
        </test-method> <!-- setUp -->
        <test-method signature="satrtTest()[pri:0, instance:driverFactory.DriverScript@5149d738]" started-at="2023-04-15T12:24:56 IST" name="satrtTest" finished-at="2023-04-15T12:25:35 IST" duration-ms="38266" status="PASS">
          <reporter-output>
            <line>
              <![CDATA[No of rows are::10]]>
            </line>
            <line>
              <![CDATA[Login Success::dashboard     http://orangehrm.qedgetech.com/symfony/web/index.php/dashboard]]>
            </line>
            <line>
              <![CDATA[Invalid credentials  dashboard     http://orangehrm.qedgetech.com/symfony/web/index.php/auth/validateCredentials]]>
            </line>
            <line>
              <![CDATA[Login Success::dashboard     http://orangehrm.qedgetech.com/symfony/web/index.php/dashboard]]>
            </line>
            <line>
              <![CDATA[Username cannot be empty  dashboard     http://orangehrm.qedgetech.com/symfony/web/index.php/auth/login]]>
            </line>
            <line>
              <![CDATA[Login Success::dashboard     http://orangehrm.qedgetech.com/symfony/web/index.php/dashboard]]>
            </line>
            <line>
              <![CDATA[Invalid credentials  dashboard     http://orangehrm.qedgetech.com/symfony/web/index.php/auth/validateCredentials]]>
            </line>
            <line>
              <![CDATA[Username cannot be empty  dashboard     http://orangehrm.qedgetech.com/symfony/web/index.php/auth/login]]>
            </line>
            <line>
              <![CDATA[Login Success::dashboard     http://orangehrm.qedgetech.com/symfony/web/index.php/dashboard]]>
            </line>
            <line>
              <![CDATA[Password cannot be empty  dashboard     http://orangehrm.qedgetech.com/symfony/web/index.php/auth/login]]>
            </line>
            <line>
              <![CDATA[Login Success::dashboard     http://orangehrm.qedgetech.com/symfony/web/index.php/dashboard]]>
            </line>
          </reporter-output>
        </test-method> <!-- satrtTest -->
        <test-method is-config="true" signature="tearDown()[pri:0, instance:driverFactory.DriverScript@5149d738]" started-at="2023-04-15T12:25:35 IST" name="tearDown" finished-at="2023-04-15T12:25:36 IST" duration-ms="913" status="PASS">
          <reporter-output>
          </reporter-output>
        </test-method> <!-- tearDown -->
      </class> <!-- driverFactory.DriverScript -->
    </test> <!-- DriverScriptResults -->
    <test started-at="2023-04-15T12:25:36 IST" name="TestscriptResults" finished-at="2023-04-15T12:26:39 IST" duration-ms="63305">
      <class name="driverFactory.TestScript">
        <test-method is-config="true" signature="AdminLogin()[pri:0, instance:driverFactory.TestScript@2b40ff9c]" started-at="2023-04-15T12:25:36 IST" name="AdminLogin" finished-at="2023-04-15T12:25:44 IST" duration-ms="8730" status="PASS">
          <reporter-output>
          </reporter-output>
        </test-method> <!-- AdminLogin -->
        <test-method signature="startTest()[pri:0, instance:driverFactory.TestScript@2b40ff9c]" started-at="2023-04-15T12:25:44 IST" name="startTest" finished-at="2023-04-15T12:26:37 IST" duration-ms="52385" status="PASS">
          <reporter-output>
            <line>
              <![CDATA[No of rows are::9]]>
            </line>
            <line>
              <![CDATA[Add Employee Success::19580     19580]]>
            </line>
            <line>
              <![CDATA[Add Employee Success::19581     19581]]>
            </line>
            <line>
              <![CDATA[Add Employee Success::19582     19582]]>
            </line>
            <line>
              <![CDATA[Add Employee Success::19583     19583]]>
            </line>
            <line>
              <![CDATA[Add Employee Success::19584     19584]]>
            </line>
            <line>
              <![CDATA[Add Employee Success::19585     19585]]>
            </line>
            <line>
              <![CDATA[Add Employee Success::19586     19586]]>
            </line>
            <line>
              <![CDATA[Add Employee Success::19587     19587]]>
            </line>
            <line>
              <![CDATA[Add Employee Success::19588     19588]]>
            </line>
          </reporter-output>
        </test-method> <!-- startTest -->
        <test-method is-config="true" signature="tearDown()[pri:0, instance:driverFactory.TestScript@2b40ff9c]" started-at="2023-04-15T12:26:37 IST" name="tearDown" finished-at="2023-04-15T12:26:39 IST" duration-ms="2185" status="PASS">
          <reporter-output>
          </reporter-output>
        </test-method> <!-- tearDown -->
      </class> <!-- driverFactory.TestScript -->
    </test> <!-- TestscriptResults -->
  </suite> <!-- Suite -->
</testng-results>
