<?xml version="1.0" encoding="UTF-8"?>
<!-- Generated by org.testng.reporters.JUnitXMLReporter -->
<testsuite ignored="0" hostname="DESKTOP-4M14A0P" failures="0" tests="4" name="ChromeBrowser" time="20.845" errors="0" timestamp="2023-04-21T12:40:58 IST">
  <testcase classname="apr21.BrowserTesting" name="verify_Login" time="8.93"/>
  <testcase classname="apr21.BrowserTesting" name="verify_Login" time="2.905"/>
  <testcase classname="apr21.BrowserTesting" name="verify_Login" time="3.068"/>
  <testcase classname="apr21.BrowserTesting" name="verify_Login" time="2.432"/>
</testsuite> <!-- ChromeBrowser -->
