<?xml version="1.0" encoding="UTF-8"?>
<!-- Generated by org.testng.reporters.JUnitXMLReporter -->
<testsuite ignored="0" hostname="DESKTOP-4M14A0P" failures="0" tests="4" name="FirefoxBrowser" time="20.213" errors="0" timestamp="2023-04-21T12:41:19 IST">
  <testcase classname="apr21.BrowserTesting" name="verify_Login" time="6.364"/>
  <testcase classname="apr21.BrowserTesting" name="verify_Login" time="2.204"/>
  <testcase classname="apr21.BrowserTesting" name="verify_Login" time="2.45"/>
  <testcase classname="apr21.BrowserTesting" name="verify_Login" time="1.76"/>
</testsuite> <!-- FirefoxBrowser -->
